\BOOKMARK [0][-]{chapter.2}{\376\377\004\043\004\062\004\076\004\064}{}% 1
\BOOKMARK [1][-]{section.3}{\376\377\004\020\004\072\004\102\004\103\004\060\004\073\004\075\004\076\004\101\004\102\000\040\004\075\004\060\000\040\004\077\004\100\004\076\004\061\004\073\004\065\004\074\004\060\000\040\004\070\000\040\004\074\004\076\004\102\004\070\004\062\004\060\004\106\004\070\004\117}{chapter.2}% 2
\BOOKMARK [1][-]{section.4}{\376\377\004\046\004\065\004\073\000\040\004\070\000\040\004\067\004\060\004\064\004\060\004\107\004\070\000\040\004\075\004\060\000\040\004\064\004\070\004\077\004\073\004\076\004\074\004\075\004\060\004\102\004\060\000\040\004\100\004\060\004\061\004\076\004\102\004\060}{chapter.2}% 3
\BOOKMARK [1][-]{section.5}{\376\377\004\041\004\102\004\100\004\103\004\072\004\102\004\103\004\100\004\060\000\040\004\075\004\060\000\040\004\064\004\070\004\077\004\073\004\076\004\074\004\075\004\060\004\102\004\060\000\040\004\100\004\060\004\061\004\076\004\102\004\060}{chapter.2}% 4
\BOOKMARK [0][-]{chapter.6}{\376\377\004\037\004\100\004\065\004\063\004\073\004\065\004\064\000\040\004\075\004\060\000\040\004\077\004\100\004\065\004\064\004\074\004\065\004\102\004\075\004\060\004\102\004\060\000\040\004\076\004\061\004\073\004\060\004\101\004\102}{}% 5
\BOOKMARK [1][-]{section.7}{\376\377\004\022\004\112\004\062\004\065\004\064\004\065\004\075\004\070\004\065}{chapter.6}% 6
\BOOKMARK [1][-]{section.8}{\376\377\004\024\004\070\004\060\004\073\004\076\004\063\004\076\004\062\004\070\000\040\004\101\004\070\004\101\004\102\004\065\004\074\004\070\000:\000\040\004\074\004\076\004\102\004\070\004\062\004\060\004\106\004\070\004\117\000\040\004\070\000\040\004\070\004\101\004\102\004\076\004\100\004\070\004\117}{chapter.6}% 7
\BOOKMARK [2][-]{subsection.9}{\376\377\000E\000L\000I\000Z\000A}{section.8}% 8
\BOOKMARK [2][-]{subsection.11}{\376\377\000P\000A\000R\000R\000Y}{section.8}% 9
\BOOKMARK [2][-]{subsection.12}{\376\377\000A\000L\000I\000C\000E}{section.8}% 10
\BOOKMARK [2][-]{subsection.13}{\376\377\000g\000a\000m\000e\000s}{section.8}% 11
\BOOKMARK [2][-]{subsection.14}{\376\377\000a\000s\000s\000i\000s\000t\000a\000n\000t\000s}{section.8}% 12
\BOOKMARK [1][-]{section.15}{\376\377\004\034\004\060\004\110\004\070\004\075\004\065\004\075\000\040\004\077\004\100\004\065\004\062\004\076\004\064}{chapter.6}% 13
\BOOKMARK [1][-]{section.16}{\376\377\004\036\004\102\004\063\004\076\004\062\004\060\004\100\004\117\004\075\004\065\000\040\004\075\004\060\000\040\004\107\004\065\004\101\004\102\004\076\000\040\004\067\004\060\004\064\004\060\004\062\004\060\004\075\004\070\000\040\004\062\004\112\004\077\004\100\004\076\004\101\004\070}{chapter.6}% 14
\BOOKMARK [0][-]{chapter.17}{\376\377\004\030\004\067\004\077\004\076\004\073\004\067\004\062\004\060\004\075\004\070\000\040\004\102\004\065\004\105\004\075\004\076\004\073\004\076\004\063\004\070\004\070\000\040\004\070\000\040\004\077\004\073\004\060\004\102\004\104\004\076\004\100\004\074\004\070}{}% 15
\BOOKMARK [1][-]{section.18}{\376\377\000i\000n\000t\000r\000o}{chapter.17}% 16
\BOOKMARK [1][-]{section.19}{\376\377\000t\000e\000n\000s\000o\000r\000f\000l\000o\000w}{chapter.17}% 17
\BOOKMARK [1][-]{section.20}{\376\377\000p\000y\000t\000h\000o\000n}{chapter.17}% 18
\BOOKMARK [1][-]{section.21}{\376\377\000k\000e\000l\000p}{chapter.17}% 19
\BOOKMARK [1][-]{section.22}{\376\377\000B\000P\000E}{chapter.17}% 20
\BOOKMARK [1][-]{section.23}{\376\377\000t\000h\000a\000t\000\040\000p\000e\000r\000s\000o\000n\000\040\000w\000i\000t\000h\000\040\000t\000h\000e\000\040\000c\000h\000a\000t\000b\000o\000t\000\040\000d\000e\000s\000i\000g\000n}{chapter.17}% 21
\BOOKMARK [1][-]{section.24}{\376\377\000D\000a\000t\000a}{chapter.17}% 22
\BOOKMARK [2][-]{subsection.25}{\376\377\000U\000D\000C}{section.24}% 23
\BOOKMARK [2][-]{subsection.26}{\376\377\000Q\000L}{section.24}% 24
\BOOKMARK [0][-]{chapter.27}{\376\377\004\040\004\065\004\060\004\073\004\070\004\067\004\060\004\106\004\070\004\117\000,\000\040\004\065\004\072\004\101\004\077\004\065\004\100\004\070\004\074\004\065\004\075\004\102\004\070\000\040\004\070\000\040\004\060\004\075\004\060\004\073\004\070\004\067\000\040\004\075\004\060\000\040\004\100\004\065\004\067\004\103\004\073\004\102\004\060\004\102\004\070\004\102\004\065}{}% 25
\BOOKMARK [1][-]{section.28}{\376\377\004\040\004\065\004\060\004\073\004\070\004\067\004\060\004\106\004\070\004\117}{chapter.27}% 26
\BOOKMARK [0][-]{chapter.29}{\376\377\004\027\004\060\004\072\004\073\004\116\004\107\004\065\004\075\004\070\004\065}{}% 27
\BOOKMARK [1][-]{section.30}{\376\377\004\036\004\061\004\076\004\061\004\111\004\065\004\075\004\070\004\065\000\040\004\075\004\060\000\040\004\070\004\067\004\077\004\112\004\073\004\075\004\065\004\075\004\070\004\065\004\102\004\076\000\040\004\075\004\060\000\040\004\075\004\060\004\107\004\060\004\073\004\075\004\070\004\102\004\065\000\040\004\106\004\065\004\073\004\070}{chapter.29}% 28
\BOOKMARK [0][-]{chapter.31}{\376\377\004\040\004\065\004\104\004\065\004\100\004\065\004\075\004\106\004\070\004\070}{}% 29
\BOOKMARK [0][-]{chapter.32}{\376\377\004\037\004\100\004\070\004\073\004\076\004\066\004\065\004\075\004\070\004\117}{}% 30
